<?xml version="1.0" encoding="UTF-8"?>
<!-- Generated by org.testng.reporters.JUnitReportReporter -->
<testsuite hostname="air-PC" name="com.luojiahui.jenkins.NewTest" tests="1" failures="0" timestamp="30 Nov 2016 13:31:05 GMT" time="0.009" errors="0">
  <testcase name="g" time="0.009" classname="com.luojiahui.jenkins.NewTest"/>
</testsuite> <!-- com.luojiahui.jenkins.NewTest -->
